Arguments: 
  /home/karol/.nvm/versions/node/v8.9.3/bin/node /usr/share/yarn/bin/yarn.js start

PATH: 
  /home/karol/anaconda3/bin:/home/karol/.nvm/versions/node/v8.9.3/bin:/home/karol/bin:/home/karol/.local/bin:/usr/local/sbin:/usr/local/bin:/usr/sbin:/usr/bin:/sbin:/bin:/usr/games:/usr/local/games:/snap/bin:/opt/mssql-tools/bin:/opt/mssql-tools/bin

Yarn version: 
  1.12.3

Node version: 
  8.9.3

Platform: 
  linux x64

Trace: 
  SyntaxError: /home/karol/repos/justpage/package.json: Unexpected token } in JSON at position 116
      at JSON.parse (<anonymous>)
      at /usr/share/yarn/lib/cli.js:1631:59
      at Generator.next (<anonymous>)
      at step (/usr/share/yarn/lib/cli.js:304:30)
      at /usr/share/yarn/lib/cli.js:315:13
      at <anonymous>

npm manifest: 
  {
    "name": "justpage",
    "version": "1.0.0",
    "description": "",
    "main": "index.js",
    "license": "UNLICENSED",
  }

yarn manifest: 
  No manifest

Lockfile: 
  No lockfile
